

*******************************************************************************
Mon Nov  9 14:20:04 2020


FIT:    data read from 'fig2-2.txt'
        format = z
        #datapoints = 5
        residuals are weighted equally (unit weight)

function used for fitting: f(x)
	f(x) = A*x**2
fitted parameters initialized with current variable values

iter      chisq       delta/lim  lambda   A            
   0 1.8116382812e+12   0.00e+00  1.33e+04    1.000000e+00
   4 1.1602902375e+10  -6.25e-10  1.33e+00    4.601583e+01

After 4 iterations the fit converged.
final sum of squares of residuals : 1.16029e+10
rel. change during last iteration : -6.24665e-15

degrees of freedom    (FIT_NDF)                        : 4
rms of residuals      (FIT_STDFIT) = sqrt(WSSR/ndf)    : 53858.4
variance of residuals (reduced chisquare) = WSSR/ndf   : 2.90073e+09

Final set of parameters            Asymptotic Standard Error
=======================            ==========================
A               = 46.0158          +/- 1.807        (3.927%)
