

*******************************************************************************
Sun Nov  8 18:21:37 2020


FIT:    data read from 'datos.txt'
        format = z
        x range restricted to [0.00000 : 600000.]
        #datapoints = 600001
        residuals are weighted equally (unit weight)

function used for fitting: f(x)
	f(x) = a*x**0.5 + b
fitted parameters initialized with current variable values

iter      chisq       delta/lim  lambda   a             b            
   0 1.6325802491e+11   0.00e+00  3.87e+02    1.000000e+00   1.000000e+00
   4 1.1505825003e+05  -1.41e-05  3.87e-02    3.981455e-02   5.549336e+00

After 4 iterations the fit converged.
final sum of squares of residuals : 115058
rel. change during last iteration : -1.40931e-10

degrees of freedom    (FIT_NDF)                        : 599999
rms of residuals      (FIT_STDFIT) = sqrt(WSSR/ndf)    : 0.437909
variance of residuals (reduced chisquare) = WSSR/ndf   : 0.191764

Final set of parameters            Asymptotic Standard Error
=======================            ==========================
a               = 0.0398146        +/- 3.096e-06    (0.007777%)
b               = 5.54934          +/- 0.001696     (0.03056%)

correlation matrix of the fit parameters:
                a      b      
a               1.000 
b              -0.943  1.000 
