

*******************************************************************************
Sun Nov  8 18:56:46 2020


FIT:    data read from 'datos.txt'
        format = z
        #datapoints = 1000000
        residuals are weighted equally (unit weight)

function used for fitting: f(x)
	f(x) = 400*exp(-x/c)
fitted parameters initialized with current variable values

iter      chisq       delta/lim  lambda   c            
   0 3.2037282799e+10   0.00e+00  1.95e-01    1.000000e+00
  14 1.5737013111e+07   0.00e+00  1.95e+04    4.109476e+05

After 14 iterations the fit converged.
final sum of squares of residuals : 1.5737e+07
rel. change during last iteration : 0

degrees of freedom    (FIT_NDF)                        : 999999
rms of residuals      (FIT_STDFIT) = sqrt(WSSR/ndf)    : 3.96699
variance of residuals (reduced chisquare) = WSSR/ndf   : 15.737

Final set of parameters            Asymptotic Standard Error
=======================            ==========================
c               = 410948           +/- 13.69        (0.003331%)
